<?xml version="1.0" encoding="UTF-8" ?>
<testsuite errors="0" failures="0" hostname="logti-a3324-29" name="tests.JoueurTest" tests="5" time="0.116" timestamp="2012-11-14T02:15:56">
  <properties>
[...]
</properties>
  <testcase classname="tests.JoueurTest" name="joueurAjouterScoreTest" time="0.0050" />
  <testcase classname="tests.JoueurTest" name="joueurSuperieurTest" time="0.0" />
  <testcase classname="tests.JoueurTest" name="joueurInferieurTest" time="0.0" />
  <testcase classname="tests.JoueurTest" name="joueurMemeScoreTest" time="0.0" />
  <testcase classname="tests.JoueurTest" name="joueurNullTest" time="0.0" />
  <system-out><![CDATA[]]></system-out>
  <system-err><![CDATA[]]></system-err>
</testsuite>
